<?xml version="1.0" encoding="UTF-8"?>
<testng-results ignored="0" total="1" passed="1" failed="0" skipped="0">
  <reporter-output>
  </reporter-output>
  <suite started-at="2021-06-19T10:59:59 BST" name="Cukes1Runner" finished-at="2021-06-19T11:00:09 BST" duration-ms="9324">
    <groups>
      <group name="cucumber">
        <method signature="AbstractTestNGCucumberTests.runScenario(io.cucumber.testng.PickleWrapper, io.cucumber.testng.FeatureWrapper)[pri:0, instance:Cukes1Runner@44ebcd03]" name="runScenario" class="io.cucumber.testng.AbstractTestNGCucumberTests"/>
      </group> <!-- cucumber -->
    </groups>
    <test started-at="2021-06-19T10:59:59 BST" name="Command line test" finished-at="2021-06-19T11:00:09 BST" duration-ms="9324">
      <class name="Cukes1Runner">
        <test-method is-config="true" signature="setUpClass()[pri:0, instance:Cukes1Runner@44ebcd03]" started-at="2021-06-19T10:59:59 BST" name="setUpClass" finished-at="2021-06-19T11:00:00 BST" duration-ms="344" status="PASS">
          <reporter-output>
          </reporter-output>
        </test-method> <!-- setUpClass -->
        <test-method signature="runScenario(io.cucumber.testng.PickleWrapper, io.cucumber.testng.FeatureWrapper)[pri:0, instance:Cukes1Runner@44ebcd03]" started-at="2021-06-19T11:00:00 BST" name="runScenario" description="Runs Cucumber Scenarios" data-provider="scenarios" finished-at="2021-06-19T11:00:08 BST" duration-ms="8730" status="PASS">
          <params>
            <param index="0">
              <value>
                <![CDATA["User authentication verification"]]>
              </value>
            </param>
            <param index="1">
              <value>
                <![CDATA["User Authentication"]]>
              </value>
            </param>
          </params>
          <reporter-output>
          </reporter-output>
        </test-method> <!-- runScenario -->
        <test-method is-config="true" signature="tearDownClass()[pri:0, instance:Cukes1Runner@44ebcd03]" started-at="2021-06-19T11:00:08 BST" name="tearDownClass" finished-at="2021-06-19T11:00:09 BST" duration-ms="203" status="PASS">
          <reporter-output>
          </reporter-output>
        </test-method> <!-- tearDownClass -->
      </class> <!-- Cukes1Runner -->
    </test> <!-- Command line test -->
  </suite> <!-- Cukes1Runner -->
</testng-results>
